# JRE version: OpenJDK Runtime Environment (11.0.8+10) (build 11.0.8+10-b944.6842174)
# Java VM: OpenJDK 64-Bit Server VM (11.0.8+10-b944.6842174, mixed mode, tiered, compressed oops, g1 gc, windows-amd64)
Heap:
 garbage-first heap   total 588800K, used 198279K [0x0000000080000000, 0x0000000100000000)
  region size 1024K, 6 young (6144K), 6 survivors (6144K)
 Metaspace       used 151862K, capacity 155773K, committed 163712K, reserved 1191936K
  class space    used 18283K, capacity 19682K, committed 20992K, reserved 1048576K
GC Heap History (20 events):
Event: 12014.926 GC heap after
{Heap after GC invocations=143 (full 0):
 garbage-first heap   total 351232K, used 296448K [0x0000000080000000, 0x0000000100000000)
  region size 1024K, 3 young (3072K), 3 survivors (3072K)
 Metaspace       used 151622K, capacity 155486K, committed 163712K, reserved 1191936K
  class space    used 18272K, capacity 19667K, committed 20992K, reserved 1048576K
}
Event: 12014.961 GC heap before
{Heap before GC invocations=143 (full 0):
 garbage-first heap   total 351232K, used 309760K [0x0000000080000000, 0x0000000100000000)
  region size 1024K, 17 young (17408K), 3 survivors (3072K)
 Metaspace       used 151622K, capacity 155486K, committed 163712K, reserved 1191936K
  class space    used 18272K, capacity 19667K, committed 20992K, reserved 1048576K
}
Event: 12014.966 GC heap after
{Heap after GC invocations=144 (full 0):
 garbage-first heap   total 351232K, used 310272K [0x0000000080000000, 0x0000000100000000)
  region size 1024K, 3 young (3072K), 3 survivors (3072K)
 Metaspace       used 151622K, capacity 155486K, committed 163712K, reserved 1191936K
  class space    used 18272K, capacity 19667K, committed 20992K, reserved 1048576K
}
Event: 12014.995 GC heap before
{Heap before GC invocations=144 (full 0):
 garbage-first heap   total 351232K, used 288768K [0x0000000080000000, 0x0000000100000000)
  region size 1024K, 17 young (17408K), 3 survivors (3072K)
 Metaspace       used 151622K, capacity 155486K, committed 163712K, reserved 1191936K
  class space    used 18272K, capacity 19667K, committed 20992K, reserved 1048576K
}
Event: 12015.004 GC heap after
{Heap after GC invocations=145 (full 0):
 garbage-first heap   total 351232K, used 286363K [0x0000000080000000, 0x0000000100000000)
  region size 1024K, 3 young (3072K), 3 survivors (3072K)
 Metaspace       used 151622K, capacity 155486K, committed 163712K, reserved 1191936K
  class space    used 18272K, capacity 19667K, committed 20992K, reserved 1048576K
}
Event: 12015.028 GC heap before
{Heap before GC invocations=145 (full 0):
 garbage-first heap   total 351232K, used 300699K [0x0000000080000000, 0x0000000100000000)
  region size 1024K, 17 young (17408K), 3 survivors (3072K)
 Metaspace       used 151650K, capacity 155550K, committed 163712K, reserved 1191936K
  class space    used 18273K, capacity 19667K, committed 20992K, reserved 1048576K
}
Event: 12015.037 GC heap after
{Heap after GC invocations=146 (full 0):
 garbage-first heap   total 351232K, used 296773K [0x0000000080000000, 0x0000000100000000)
  region size 1024K, 3 young (3072K), 3 survivors (3072K)
 Metaspace       used 151650K, capacity 155550K, committed 163712K, reserved 1191936K
  class space    used 18273K, capacity 19667K, committed 20992K, reserved 1048576K
}
Event: 12015.176 GC heap before
{Heap before GC invocations=147 (full 0):
 garbage-first heap   total 351232K, used 311109K [0x0000000080000000, 0x0000000100000000)
  region size 1024K, 17 young (17408K), 3 survivors (3072K)
 Metaspace       used 151765K, capacity 155703K, committed 163712K, reserved 1191936K
  class space    used 18276K, capacity 19670K, committed 20992K, reserved 1048576K
}
Event: 12015.183 GC heap after
{Heap after GC invocations=148 (full 0):
 garbage-first heap   total 351232K, used 299071K [0x0000000080000000, 0x0000000100000000)
  region size 1024K, 2 young (2048K), 2 survivors (2048K)
 Metaspace       used 151765K, capacity 155703K, committed 163712K, reserved 1191936K
  class space    used 18276K, capacity 19670K, committed 20992K, reserved 1048576K
}
Event: 12015.226 GC heap before
{Heap before GC invocations=148 (full 0):
 garbage-first heap   total 351232K, used 317503K [0x0000000080000000, 0x0000000100000000)
  region size 1024K, 17 young (17408K), 2 survivors (2048K)
 Metaspace       used 151809K, capacity 155759K, committed 163712K, reserved 1191936K
  class space    used 18281K, capacity 19679K, committed 20992K, reserved 1048576K
}
Event: 12015.232 GC heap after
{Heap after GC invocations=149 (full 0):
 garbage-first heap   total 351232K, used 280042K [0x0000000080000000, 0x0000000100000000)
  region size 1024K, 3 young (3072K), 3 survivors (3072K)
 Metaspace       used 151809K, capacity 155759K, committed 163712K, reserved 1191936K
  class space    used 18281K, capacity 19679K, committed 20992K, reserved 1048576K
}
Event: 12015.252 GC heap before
{Heap before GC invocations=149 (full 0):
 garbage-first heap   total 351232K, used 293354K [0x0000000080000000, 0x0000000100000000)
  region size 1024K, 17 young (17408K), 3 survivors (3072K)
 Metaspace       used 151833K, capacity 155772K, committed 163712K, reserved 1191936K
  class space    used 18283K, capacity 19682K, committed 20992K, reserved 1048576K
}
Event: 12015.260 GC heap after
{Heap after GC invocations=150 (full 0):
 garbage-first heap   total 351232K, used 282317K [0x0000000080000000, 0x0000000100000000)
  region size 1024K, 3 young (3072K), 3 survivors (3072K)
 Metaspace       used 151833K, capacity 155772K, committed 163712K, reserved 1191936K
  class space    used 18283K, capacity 19682K, committed 20992K, reserved 1048576K
}
Event: 12015.309 GC heap before
{Heap before GC invocations=150 (full 0):
 garbage-first heap   total 351232K, used 295629K [0x0000000080000000, 0x0000000100000000)
  region size 1024K, 17 young (17408K), 3 survivors (3072K)
 Metaspace       used 151837K, capacity 155772K, committed 163712K, reserved 1191936K
  class space    used 18283K, capacity 19682K, committed 20992K, reserved 1048576K
}
Event: 12015.314 GC heap after
{Heap after GC invocations=151 (full 0):
 garbage-first heap   total 351232K, used 286077K [0x0000000080000000, 0x0000000100000000)
  region size 1024K, 3 young (3072K), 3 survivors (3072K)
 Metaspace       used 151837K, capacity 155772K, committed 163712K, reserved 1191936K
  class space    used 18283K, capacity 19682K, committed 20992K, reserved 1048576K
}
Event: 12015.344 GC heap before
{Heap before GC invocations=151 (full 0):
 garbage-first heap   total 351232K, used 300413K [0x0000000080000000, 0x0000000100000000)
  region size 1024K, 17 young (17408K), 3 survivors (3072K)
 Metaspace       used 151843K, capacity 155772K, committed 163712K, reserved 1191936K
  class space    used 18283K, capacity 19682K, committed 20992K, reserved 1048576K
}
Event: 12015.349 GC heap after
{Heap after GC invocations=152 (full 0):
 garbage-first heap   total 351232K, used 288954K [0x0000000080000000, 0x0000000100000000)
  region size 1024K, 3 young (3072K), 3 survivors (3072K)
 Metaspace       used 151843K, capacity 155772K, committed 163712K, reserved 1191936K
  class space    used 18283K, capacity 19682K, committed 20992K, reserved 1048576K
}
Event: 12015.397 GC heap before
{Heap before GC invocations=152 (full 0):
 garbage-first heap   total 351232K, used 207034K [0x0000000080000000, 0x0000000100000000)
  region size 1024K, 17 young (17408K), 3 survivors (3072K)
 Metaspace       used 151848K, capacity 155773K, committed 163712K, reserved 1191936K
  class space    used 18283K, capacity 19682K, committed 20992K, reserved 1048576K
}
Event: 12015.401 GC heap after
{Heap after GC invocations=153 (full 0):
 garbage-first heap   total 351232K, used 194791K [0x0000000080000000, 0x0000000100000000)
  region size 1024K, 2 young (2048K), 2 survivors (2048K)
 Metaspace       used 151848K, capacity 155773K, committed 163712K, reserved 1191936K
  class space    used 18283K, capacity 19682K, committed 20992K, reserved 1048576K
}
Event: 12015.587 GC heap before
{Heap before GC invocations=154 (full 0):
 garbage-first heap   total 351232K, used 243943K [0x0000000080000000, 0x0000000100000000)
  region size 1024K, 50 young (51200K), 2 survivors (2048K)
 Metaspace       used 151862K, capacity 155773K, committed 163712K, reserved 1191936K
  class space    used 18283K, capacity 19682K, committed 20992K, reserved 1048576K
}

